time="2024-11-13T12:37:53+02:00" level=debug msg="OpenShift Installer 4.16.15"
time="2024-11-13T12:37:53+02:00" level=debug msg="Built from commit 311d230b8e47d19a5976e7acd391649136811f6b"
time="2024-11-13T12:37:53+02:00" level=debug msg="Fetching Agent Installer ISO..."
time="2024-11-13T12:37:53+02:00" level=debug msg="Loading Agent Installer ISO..."
time="2024-11-13T12:37:53+02:00" level=debug msg="  Loading Agent Workflow..."
time="2024-11-13T12:37:53+02:00" level=debug msg="  Loading Agent Installer ClusterInfo..."
time="2024-11-13T12:37:53+02:00" level=debug msg="    Loading Agent Workflow..."
time="2024-11-13T12:37:53+02:00" level=debug msg="    Loading AddNodes Config..."
time="2024-11-13T12:37:53+02:00" level=debug msg="  Loading Agent Installer Artifacts..."
time="2024-11-13T12:37:53+02:00" level=debug msg="    Loading Agent Installer Ignition..."
time="2024-11-13T12:37:53+02:00" level=debug msg="      Loading Agent Workflow..."
time="2024-11-13T12:37:53+02:00" level=debug msg="      Loading Agent Installer ClusterInfo..."
time="2024-11-13T12:37:53+02:00" level=debug msg="      Loading AddNodes Config..."
time="2024-11-13T12:37:53+02:00" level=debug msg="      Loading Agent Manifests..."
time="2024-11-13T12:37:53+02:00" level=debug msg="        Loading Agent PullSecret..."
time="2024-11-13T12:37:53+02:00" level=debug msg="          Loading Agent Workflow..."
time="2024-11-13T12:37:53+02:00" level=debug msg="          Loading Agent Installer ClusterInfo..."
time="2024-11-13T12:37:53+02:00" level=debug msg="          Loading Install Config..."
time="2024-11-13T12:37:53+02:00" level=warning msg="imageContentSources is deprecated, please use ImageDigestSources"
time="2024-11-13T12:37:53+02:00" level=debug msg="Using internal constant for release image quay-2.l1pz-espoo.dyn.nesc.nokia.net/unbox/openshift/release-images@sha256:7a478e987f9f283f7a182080522d40768db50ad274caad8165a9b5e74ba38c43"
time="2024-11-13T12:37:53+02:00" level=error msg="Release Image arch could not be found: command '[oc adm release info quay-2.l1pz-espoo.dyn.nesc.nokia.net/unbox/openshift/release-images@sha256:7a478e987f9f283f7a182080522d40768db50ad274caad8165a9b5e74ba38c43 -o=go-template={{if and .metadata.metadata (index . \"metadata\" \"metadata\" \"release.openshift.io/architecture\")}}{{index . \"metadata\" \"metadata\" \"release.openshift.io/architecture\"}}{{else}}{{.config.architecture}}{{end}} --insecure=true --registry-config=/tmp/registry-config2565704878]' failed: exec: \"oc\": executable file not found in $PATH"
time="2024-11-13T12:37:53+02:00" level=warning msg="Unable to validate the release image architecture, skipping validation"
time="2024-11-13T12:37:53+02:00" level=info msg="Configuration has 3 master replicas and 1 worker replicas"
time="2024-11-13T12:37:53+02:00" level=debug msg="          Using Install Config loaded from target directory"
time="2024-11-13T12:37:53+02:00" level=debug msg="        Loading InfraEnv Config..."
time="2024-11-13T12:37:53+02:00" level=debug msg="          Loading Agent Workflow..."
time="2024-11-13T12:37:53+02:00" level=debug msg="          Loading Agent Installer ClusterInfo..."
time="2024-11-13T12:37:53+02:00" level=debug msg="          Loading Install Config..."
time="2024-11-13T12:37:53+02:00" level=debug msg="          Loading Agent Config..."
time="2024-11-13T12:37:53+02:00" level=debug msg="          Using Agent Config loaded from target directory"
time="2024-11-13T12:37:53+02:00" level=debug msg="        Loading NMState Config..."
time="2024-11-13T12:37:53+02:00" level=debug msg="          Loading Agent Workflow..."
time="2024-11-13T12:37:53+02:00" level=debug msg="          Loading Agent Installer ClusterInfo..."
time="2024-11-13T12:37:53+02:00" level=debug msg="          Loading Agent Hosts..."
time="2024-11-13T12:37:53+02:00" level=debug msg="            Loading Agent Workflow..."
time="2024-11-13T12:37:53+02:00" level=debug msg="            Loading AddNodes Config..."
time="2024-11-13T12:37:53+02:00" level=debug msg="            Loading Install Config..."
time="2024-11-13T12:37:53+02:00" level=debug msg="            Loading Agent Config..."
time="2024-11-13T12:37:53+02:00" level=debug msg="          Loading Install Config..."
time="2024-11-13T12:37:53+02:00" level=debug msg="        Loading AgentClusterInstall Config..."
time="2024-11-13T12:37:53+02:00" level=debug msg="          Loading Agent Workflow..."
time="2024-11-13T12:37:53+02:00" level=debug msg="          Loading Install Config..."
time="2024-11-13T12:37:53+02:00" level=debug msg="          Loading Agent Hosts..."
time="2024-11-13T12:37:53+02:00" level=debug msg="        Loading ClusterDeployment Config..."
time="2024-11-13T12:37:53+02:00" level=debug msg="          Loading Agent Workflow..."
time="2024-11-13T12:37:53+02:00" level=debug msg="          Loading Install Config..."
time="2024-11-13T12:37:53+02:00" level=debug msg="        Loading ClusterImageSet Config..."
time="2024-11-13T12:37:53+02:00" level=debug msg="          Loading Agent Workflow..."
time="2024-11-13T12:37:53+02:00" level=debug msg="          Loading Agent Installer ClusterInfo..."
time="2024-11-13T12:37:53+02:00" level=debug msg="          Loading Release Image Pull Spec..."
time="2024-11-13T12:37:53+02:00" level=debug msg="          Loading Install Config..."
time="2024-11-13T12:37:53+02:00" level=debug msg="      Loading Extra Manifests..."
time="2024-11-13T12:37:53+02:00" level=debug msg="      Using Extra Manifests loaded from target directory"
time="2024-11-13T12:37:53+02:00" level=debug msg="      Loading Certificate (kube-apiserver-lb-signer)..."
time="2024-11-13T12:37:53+02:00" level=debug msg="      Loading Certificate (kube-apiserver-localhost-signer)..."
time="2024-11-13T12:37:53+02:00" level=debug msg="      Loading Certificate (kube-apiserver-service-network-signer)..."
time="2024-11-13T12:37:53+02:00" level=debug msg="      Loading Certificate (admin-kubeconfig-signer)..."
time="2024-11-13T12:37:53+02:00" level=debug msg="      Loading Kubeadmin Password..."
time="2024-11-13T12:37:53+02:00" level=debug msg="      Loading Agent Config..."
time="2024-11-13T12:37:53+02:00" level=debug msg="      Loading Agent Hosts..."
time="2024-11-13T12:37:53+02:00" level=debug msg="      Loading Mirror Registries Config..."
time="2024-11-13T12:37:53+02:00" level=debug msg="        Loading Agent Workflow..."
time="2024-11-13T12:37:53+02:00" level=debug msg="        Loading Agent Installer ClusterInfo..."
time="2024-11-13T12:37:53+02:00" level=debug msg="        Loading Install Config..."
time="2024-11-13T12:37:53+02:00" level=debug msg="        Loading Release Image Pull Spec..."
time="2024-11-13T12:37:53+02:00" level=debug msg="Using internal constant for release image quay-2.l1pz-espoo.dyn.nesc.nokia.net/unbox/openshift/release-images@sha256:7a478e987f9f283f7a182080522d40768db50ad274caad8165a9b5e74ba38c43"
time="2024-11-13T12:37:53+02:00" level=debug msg="      Loading Mirror Registries Certificate File..."
time="2024-11-13T12:37:53+02:00" level=debug msg="        Loading Agent Workflow..."
time="2024-11-13T12:37:53+02:00" level=debug msg="        Loading Agent Installer ClusterInfo..."
time="2024-11-13T12:37:53+02:00" level=debug msg="        Loading Install Config..."
time="2024-11-13T12:37:53+02:00" level=debug msg="      Loading Agent Installer API Auth Config..."
time="2024-11-13T12:37:53+02:00" level=debug msg="        Loading Agent Installer InfraEnv ID..."
time="2024-11-13T12:37:53+02:00" level=debug msg="      Loading Agent Installer InfraEnv ID..."
time="2024-11-13T12:37:53+02:00" level=debug msg="    Loading Agent ISO/PXE files Kernel Arguments..."
time="2024-11-13T12:37:53+02:00" level=debug msg="      Loading Agent Workflow..."
time="2024-11-13T12:37:53+02:00" level=debug msg="      Loading AgentClusterInstall Config..."
time="2024-11-13T12:37:53+02:00" level=debug msg="    Loading BaseIso Image..."
time="2024-11-13T12:37:53+02:00" level=debug msg="      Loading Agent Workflow..."
time="2024-11-13T12:37:53+02:00" level=debug msg="      Loading Agent Installer ClusterInfo..."
time="2024-11-13T12:37:53+02:00" level=debug msg="      Loading Agent Manifests..."
time="2024-11-13T12:37:53+02:00" level=debug msg="      Loading Install Config..."
time="2024-11-13T12:37:53+02:00" level=debug msg="      Loading Mirror Registries Config..."
time="2024-11-13T12:37:53+02:00" level=debug msg="    Loading Agent Manifests..."
time="2024-11-13T12:37:53+02:00" level=debug msg="    Loading AgentClusterInstall Config..."
time="2024-11-13T12:37:53+02:00" level=debug msg="    Loading Mirror Registries Config..."
time="2024-11-13T12:37:53+02:00" level=debug msg="    Loading Agent Config..."
time="2024-11-13T12:37:53+02:00" level=debug msg="  Loading Agent Manifests..."
time="2024-11-13T12:37:53+02:00" level=debug msg="  Loading BaseIso Image..."
time="2024-11-13T12:37:53+02:00" level=debug msg="  Fetching Agent Workflow..."
time="2024-11-13T12:37:53+02:00" level=debug msg="  Generating Agent Workflow..."
time="2024-11-13T12:37:53+02:00" level=debug msg="  Fetching Agent Installer ClusterInfo..."
time="2024-11-13T12:37:53+02:00" level=debug msg="    Fetching Agent Workflow..."
time="2024-11-13T12:37:53+02:00" level=debug msg="    Reusing previously-fetched Agent Workflow"
time="2024-11-13T12:37:53+02:00" level=debug msg="    Fetching AddNodes Config..."
time="2024-11-13T12:37:53+02:00" level=debug msg="    Generating AddNodes Config..."
time="2024-11-13T12:37:53+02:00" level=debug msg="  Generating Agent Installer ClusterInfo..."
time="2024-11-13T12:37:53+02:00" level=debug msg="  Fetching Agent Installer Artifacts..."
time="2024-11-13T12:37:53+02:00" level=debug msg="    Fetching Agent Installer Ignition..."
time="2024-11-13T12:37:53+02:00" level=debug msg="      Fetching Agent Workflow..."
time="2024-11-13T12:37:53+02:00" level=debug msg="      Reusing previously-fetched Agent Workflow"
time="2024-11-13T12:37:53+02:00" level=debug msg="      Fetching Agent Installer ClusterInfo..."
time="2024-11-13T12:37:53+02:00" level=debug msg="      Reusing previously-fetched Agent Installer ClusterInfo"
time="2024-11-13T12:37:53+02:00" level=debug msg="      Fetching AddNodes Config..."
time="2024-11-13T12:37:53+02:00" level=debug msg="      Reusing previously-fetched AddNodes Config"
time="2024-11-13T12:37:53+02:00" level=debug msg="      Fetching Agent Manifests..."
time="2024-11-13T12:37:53+02:00" level=debug msg="        Fetching Agent PullSecret..."
time="2024-11-13T12:37:53+02:00" level=debug msg="          Fetching Agent Workflow..."
time="2024-11-13T12:37:53+02:00" level=debug msg="          Reusing previously-fetched Agent Workflow"
time="2024-11-13T12:37:53+02:00" level=debug msg="          Fetching Agent Installer ClusterInfo..."
time="2024-11-13T12:37:53+02:00" level=debug msg="          Reusing previously-fetched Agent Installer ClusterInfo"
time="2024-11-13T12:37:53+02:00" level=debug msg="          Fetching Install Config..."
time="2024-11-13T12:37:53+02:00" level=debug msg="          Reusing previously-fetched Install Config"
time="2024-11-13T12:37:53+02:00" level=debug msg="        Generating Agent PullSecret..."
time="2024-11-13T12:37:53+02:00" level=debug msg="        Fetching InfraEnv Config..."
time="2024-11-13T12:37:53+02:00" level=debug msg="          Fetching Agent Workflow..."
time="2024-11-13T12:37:53+02:00" level=debug msg="          Reusing previously-fetched Agent Workflow"
time="2024-11-13T12:37:53+02:00" level=debug msg="          Fetching Agent Installer ClusterInfo..."
time="2024-11-13T12:37:53+02:00" level=debug msg="          Reusing previously-fetched Agent Installer ClusterInfo"
time="2024-11-13T12:37:53+02:00" level=debug msg="          Fetching Install Config..."
time="2024-11-13T12:37:53+02:00" level=debug msg="          Reusing previously-fetched Install Config"
time="2024-11-13T12:37:53+02:00" level=debug msg="          Fetching Agent Config..."
time="2024-11-13T12:37:53+02:00" level=debug msg="          Reusing previously-fetched Agent Config"
time="2024-11-13T12:37:53+02:00" level=debug msg="        Generating InfraEnv Config..."
time="2024-11-13T12:37:53+02:00" level=debug msg="        Fetching NMState Config..."
time="2024-11-13T12:37:53+02:00" level=debug msg="          Fetching Agent Workflow..."
time="2024-11-13T12:37:53+02:00" level=debug msg="          Reusing previously-fetched Agent Workflow"
time="2024-11-13T12:37:53+02:00" level=debug msg="          Fetching Agent Installer ClusterInfo..."
time="2024-11-13T12:37:53+02:00" level=debug msg="          Reusing previously-fetched Agent Installer ClusterInfo"
time="2024-11-13T12:37:53+02:00" level=debug msg="          Fetching Agent Hosts..."
time="2024-11-13T12:37:53+02:00" level=debug msg="            Fetching Agent Workflow..."
time="2024-11-13T12:37:53+02:00" level=debug msg="            Reusing previously-fetched Agent Workflow"
time="2024-11-13T12:37:53+02:00" level=debug msg="            Fetching AddNodes Config..."
time="2024-11-13T12:37:53+02:00" level=debug msg="            Reusing previously-fetched AddNodes Config"
time="2024-11-13T12:37:53+02:00" level=debug msg="            Fetching Install Config..."
time="2024-11-13T12:37:53+02:00" level=debug msg="            Reusing previously-fetched Install Config"
time="2024-11-13T12:37:53+02:00" level=debug msg="            Fetching Agent Config..."
time="2024-11-13T12:37:53+02:00" level=debug msg="            Reusing previously-fetched Agent Config"
time="2024-11-13T12:37:53+02:00" level=debug msg="          Generating Agent Hosts..."
time="2024-11-13T12:37:53+02:00" level=debug msg="Using hosts from agent-config.yaml"
time="2024-11-13T12:37:53+02:00" level=debug msg="          Fetching Install Config..."
time="2024-11-13T12:37:53+02:00" level=debug msg="          Reusing previously-fetched Install Config"
time="2024-11-13T12:37:53+02:00" level=debug msg="        Generating NMState Config..."
time="2024-11-13T12:37:53+02:00" level=error msg="failed to write asset (Agent Installer ISO) to disk: cannot generate ISO image due to configuration errors"
time="2024-11-13T12:37:53+02:00" level=fatal msg="failed to fetch Agent Installer ISO: failed to fetch dependency of \"Agent Installer ISO\": failed to fetch dependency of \"Agent Installer Artifacts\": failed to fetch dependency of \"Agent Installer Ignition\": failed to fetch dependency of \"Agent Manifests\": failed to generate asset \"NMState Config\": the number of master hosts defined (4) exceeds the configured ControlPlane replicas (3)"
time="2024-11-13T12:38:30+02:00" level=debug msg="OpenShift Installer 4.16.15"
time="2024-11-13T12:38:30+02:00" level=debug msg="Built from commit 311d230b8e47d19a5976e7acd391649136811f6b"
time="2024-11-13T12:38:30+02:00" level=debug msg="Fetching Agent Installer ISO..."
time="2024-11-13T12:38:30+02:00" level=debug msg="Loading Agent Installer ISO..."
time="2024-11-13T12:38:30+02:00" level=debug msg="  Loading Agent Workflow..."
time="2024-11-13T12:38:30+02:00" level=debug msg="  Loading Agent Installer ClusterInfo..."
time="2024-11-13T12:38:30+02:00" level=debug msg="    Loading Agent Workflow..."
time="2024-11-13T12:38:30+02:00" level=debug msg="    Loading AddNodes Config..."
time="2024-11-13T12:38:30+02:00" level=debug msg="  Loading Agent Installer Artifacts..."
time="2024-11-13T12:38:30+02:00" level=debug msg="    Loading Agent Installer Ignition..."
time="2024-11-13T12:38:30+02:00" level=debug msg="      Loading Agent Workflow..."
time="2024-11-13T12:38:30+02:00" level=debug msg="      Loading Agent Installer ClusterInfo..."
time="2024-11-13T12:38:30+02:00" level=debug msg="      Loading AddNodes Config..."
time="2024-11-13T12:38:30+02:00" level=debug msg="      Loading Agent Manifests..."
time="2024-11-13T12:38:30+02:00" level=debug msg="        Loading Agent PullSecret..."
time="2024-11-13T12:38:30+02:00" level=debug msg="          Loading Agent Workflow..."
time="2024-11-13T12:38:30+02:00" level=debug msg="          Loading Agent Installer ClusterInfo..."
time="2024-11-13T12:38:30+02:00" level=debug msg="          Loading Install Config..."
time="2024-11-13T12:38:30+02:00" level=warning msg="imageContentSources is deprecated, please use ImageDigestSources"
time="2024-11-13T12:38:30+02:00" level=debug msg="Using internal constant for release image quay-2.l1pz-espoo.dyn.nesc.nokia.net/unbox/openshift/release-images@sha256:7a478e987f9f283f7a182080522d40768db50ad274caad8165a9b5e74ba38c43"
time="2024-11-13T12:38:30+02:00" level=error msg="Release Image arch could not be found: command '[oc adm release info quay-2.l1pz-espoo.dyn.nesc.nokia.net/unbox/openshift/release-images@sha256:7a478e987f9f283f7a182080522d40768db50ad274caad8165a9b5e74ba38c43 -o=go-template={{if and .metadata.metadata (index . \"metadata\" \"metadata\" \"release.openshift.io/architecture\")}}{{index . \"metadata\" \"metadata\" \"release.openshift.io/architecture\"}}{{else}}{{.config.architecture}}{{end}} --insecure=true --registry-config=/tmp/registry-config51938575]' failed: exec: \"oc\": executable file not found in $PATH"
time="2024-11-13T12:38:30+02:00" level=warning msg="Unable to validate the release image architecture, skipping validation"
time="2024-11-13T12:38:30+02:00" level=info msg="Configuration has 3 master replicas and 1 worker replicas"
time="2024-11-13T12:38:30+02:00" level=debug msg="          Using Install Config loaded from target directory"
time="2024-11-13T12:38:30+02:00" level=debug msg="        Loading InfraEnv Config..."
time="2024-11-13T12:38:30+02:00" level=debug msg="          Loading Agent Workflow..."
time="2024-11-13T12:38:30+02:00" level=debug msg="          Loading Agent Installer ClusterInfo..."
time="2024-11-13T12:38:30+02:00" level=debug msg="          Loading Install Config..."
time="2024-11-13T12:38:30+02:00" level=debug msg="          Loading Agent Config..."
time="2024-11-13T12:38:30+02:00" level=debug msg="          Using Agent Config loaded from target directory"
time="2024-11-13T12:38:30+02:00" level=debug msg="        Loading NMState Config..."
time="2024-11-13T12:38:30+02:00" level=debug msg="          Loading Agent Workflow..."
time="2024-11-13T12:38:30+02:00" level=debug msg="          Loading Agent Installer ClusterInfo..."
time="2024-11-13T12:38:30+02:00" level=debug msg="          Loading Agent Hosts..."
time="2024-11-13T12:38:30+02:00" level=debug msg="            Loading Agent Workflow..."
time="2024-11-13T12:38:30+02:00" level=debug msg="            Loading AddNodes Config..."
time="2024-11-13T12:38:30+02:00" level=debug msg="            Loading Install Config..."
time="2024-11-13T12:38:30+02:00" level=debug msg="            Loading Agent Config..."
time="2024-11-13T12:38:30+02:00" level=debug msg="          Loading Install Config..."
time="2024-11-13T12:38:30+02:00" level=debug msg="        Loading AgentClusterInstall Config..."
time="2024-11-13T12:38:30+02:00" level=debug msg="          Loading Agent Workflow..."
time="2024-11-13T12:38:30+02:00" level=debug msg="          Loading Install Config..."
time="2024-11-13T12:38:30+02:00" level=debug msg="          Loading Agent Hosts..."
time="2024-11-13T12:38:30+02:00" level=debug msg="        Loading ClusterDeployment Config..."
time="2024-11-13T12:38:30+02:00" level=debug msg="          Loading Agent Workflow..."
time="2024-11-13T12:38:30+02:00" level=debug msg="          Loading Install Config..."
time="2024-11-13T12:38:30+02:00" level=debug msg="        Loading ClusterImageSet Config..."
time="2024-11-13T12:38:30+02:00" level=debug msg="          Loading Agent Workflow..."
time="2024-11-13T12:38:30+02:00" level=debug msg="          Loading Agent Installer ClusterInfo..."
time="2024-11-13T12:38:30+02:00" level=debug msg="          Loading Release Image Pull Spec..."
time="2024-11-13T12:38:30+02:00" level=debug msg="          Loading Install Config..."
time="2024-11-13T12:38:30+02:00" level=debug msg="      Loading Extra Manifests..."
time="2024-11-13T12:38:30+02:00" level=debug msg="      Using Extra Manifests loaded from target directory"
time="2024-11-13T12:38:30+02:00" level=debug msg="      Loading Certificate (kube-apiserver-lb-signer)..."
time="2024-11-13T12:38:30+02:00" level=debug msg="      Loading Certificate (kube-apiserver-localhost-signer)..."
time="2024-11-13T12:38:30+02:00" level=debug msg="      Loading Certificate (kube-apiserver-service-network-signer)..."
time="2024-11-13T12:38:30+02:00" level=debug msg="      Loading Certificate (admin-kubeconfig-signer)..."
time="2024-11-13T12:38:30+02:00" level=debug msg="      Loading Kubeadmin Password..."
time="2024-11-13T12:38:30+02:00" level=debug msg="      Loading Agent Config..."
time="2024-11-13T12:38:30+02:00" level=debug msg="      Loading Agent Hosts..."
time="2024-11-13T12:38:30+02:00" level=debug msg="      Loading Mirror Registries Config..."
time="2024-11-13T12:38:30+02:00" level=debug msg="        Loading Agent Workflow..."
time="2024-11-13T12:38:30+02:00" level=debug msg="        Loading Agent Installer ClusterInfo..."
time="2024-11-13T12:38:30+02:00" level=debug msg="        Loading Install Config..."
time="2024-11-13T12:38:30+02:00" level=debug msg="        Loading Release Image Pull Spec..."
time="2024-11-13T12:38:30+02:00" level=debug msg="Using internal constant for release image quay-2.l1pz-espoo.dyn.nesc.nokia.net/unbox/openshift/release-images@sha256:7a478e987f9f283f7a182080522d40768db50ad274caad8165a9b5e74ba38c43"
time="2024-11-13T12:38:30+02:00" level=debug msg="      Loading Mirror Registries Certificate File..."
time="2024-11-13T12:38:30+02:00" level=debug msg="        Loading Agent Workflow..."
time="2024-11-13T12:38:30+02:00" level=debug msg="        Loading Agent Installer ClusterInfo..."
time="2024-11-13T12:38:30+02:00" level=debug msg="        Loading Install Config..."
time="2024-11-13T12:38:30+02:00" level=debug msg="      Loading Agent Installer API Auth Config..."
time="2024-11-13T12:38:30+02:00" level=debug msg="        Loading Agent Installer InfraEnv ID..."
time="2024-11-13T12:38:30+02:00" level=debug msg="      Loading Agent Installer InfraEnv ID..."
time="2024-11-13T12:38:30+02:00" level=debug msg="    Loading Agent ISO/PXE files Kernel Arguments..."
time="2024-11-13T12:38:30+02:00" level=debug msg="      Loading Agent Workflow..."
time="2024-11-13T12:38:30+02:00" level=debug msg="      Loading AgentClusterInstall Config..."
time="2024-11-13T12:38:30+02:00" level=debug msg="    Loading BaseIso Image..."
time="2024-11-13T12:38:30+02:00" level=debug msg="      Loading Agent Workflow..."
time="2024-11-13T12:38:30+02:00" level=debug msg="      Loading Agent Installer ClusterInfo..."
time="2024-11-13T12:38:30+02:00" level=debug msg="      Loading Agent Manifests..."
time="2024-11-13T12:38:30+02:00" level=debug msg="      Loading Install Config..."
time="2024-11-13T12:38:30+02:00" level=debug msg="      Loading Mirror Registries Config..."
time="2024-11-13T12:38:30+02:00" level=debug msg="    Loading Agent Manifests..."
time="2024-11-13T12:38:30+02:00" level=debug msg="    Loading AgentClusterInstall Config..."
time="2024-11-13T12:38:30+02:00" level=debug msg="    Loading Mirror Registries Config..."
time="2024-11-13T12:38:30+02:00" level=debug msg="    Loading Agent Config..."
time="2024-11-13T12:38:30+02:00" level=debug msg="  Loading Agent Manifests..."
time="2024-11-13T12:38:30+02:00" level=debug msg="  Loading BaseIso Image..."
time="2024-11-13T12:38:30+02:00" level=debug msg="  Fetching Agent Workflow..."
time="2024-11-13T12:38:30+02:00" level=debug msg="  Generating Agent Workflow..."
time="2024-11-13T12:38:30+02:00" level=debug msg="  Fetching Agent Installer ClusterInfo..."
time="2024-11-13T12:38:30+02:00" level=debug msg="    Fetching Agent Workflow..."
time="2024-11-13T12:38:30+02:00" level=debug msg="    Reusing previously-fetched Agent Workflow"
time="2024-11-13T12:38:30+02:00" level=debug msg="    Fetching AddNodes Config..."
time="2024-11-13T12:38:30+02:00" level=debug msg="    Generating AddNodes Config..."
time="2024-11-13T12:38:30+02:00" level=debug msg="  Generating Agent Installer ClusterInfo..."
time="2024-11-13T12:38:30+02:00" level=debug msg="  Fetching Agent Installer Artifacts..."
time="2024-11-13T12:38:30+02:00" level=debug msg="    Fetching Agent Installer Ignition..."
time="2024-11-13T12:38:30+02:00" level=debug msg="      Fetching Agent Workflow..."
time="2024-11-13T12:38:30+02:00" level=debug msg="      Reusing previously-fetched Agent Workflow"
time="2024-11-13T12:38:30+02:00" level=debug msg="      Fetching Agent Installer ClusterInfo..."
time="2024-11-13T12:38:30+02:00" level=debug msg="      Reusing previously-fetched Agent Installer ClusterInfo"
time="2024-11-13T12:38:30+02:00" level=debug msg="      Fetching AddNodes Config..."
time="2024-11-13T12:38:30+02:00" level=debug msg="      Reusing previously-fetched AddNodes Config"
time="2024-11-13T12:38:30+02:00" level=debug msg="      Fetching Agent Manifests..."
time="2024-11-13T12:38:30+02:00" level=debug msg="        Fetching Agent PullSecret..."
time="2024-11-13T12:38:30+02:00" level=debug msg="          Fetching Agent Workflow..."
time="2024-11-13T12:38:30+02:00" level=debug msg="          Reusing previously-fetched Agent Workflow"
time="2024-11-13T12:38:30+02:00" level=debug msg="          Fetching Agent Installer ClusterInfo..."
time="2024-11-13T12:38:30+02:00" level=debug msg="          Reusing previously-fetched Agent Installer ClusterInfo"
time="2024-11-13T12:38:30+02:00" level=debug msg="          Fetching Install Config..."
time="2024-11-13T12:38:30+02:00" level=debug msg="          Reusing previously-fetched Install Config"
time="2024-11-13T12:38:30+02:00" level=debug msg="        Generating Agent PullSecret..."
time="2024-11-13T12:38:30+02:00" level=debug msg="        Fetching InfraEnv Config..."
time="2024-11-13T12:38:30+02:00" level=debug msg="          Fetching Agent Workflow..."
time="2024-11-13T12:38:30+02:00" level=debug msg="          Reusing previously-fetched Agent Workflow"
time="2024-11-13T12:38:30+02:00" level=debug msg="          Fetching Agent Installer ClusterInfo..."
time="2024-11-13T12:38:30+02:00" level=debug msg="          Reusing previously-fetched Agent Installer ClusterInfo"
time="2024-11-13T12:38:30+02:00" level=debug msg="          Fetching Install Config..."
time="2024-11-13T12:38:30+02:00" level=debug msg="          Reusing previously-fetched Install Config"
time="2024-11-13T12:38:30+02:00" level=debug msg="          Fetching Agent Config..."
time="2024-11-13T12:38:30+02:00" level=debug msg="          Reusing previously-fetched Agent Config"
time="2024-11-13T12:38:30+02:00" level=debug msg="        Generating InfraEnv Config..."
time="2024-11-13T12:38:30+02:00" level=debug msg="        Fetching NMState Config..."
time="2024-11-13T12:38:30+02:00" level=debug msg="          Fetching Agent Workflow..."
time="2024-11-13T12:38:30+02:00" level=debug msg="          Reusing previously-fetched Agent Workflow"
time="2024-11-13T12:38:30+02:00" level=debug msg="          Fetching Agent Installer ClusterInfo..."
time="2024-11-13T12:38:30+02:00" level=debug msg="          Reusing previously-fetched Agent Installer ClusterInfo"
time="2024-11-13T12:38:30+02:00" level=debug msg="          Fetching Agent Hosts..."
time="2024-11-13T12:38:30+02:00" level=debug msg="            Fetching Agent Workflow..."
time="2024-11-13T12:38:30+02:00" level=debug msg="            Reusing previously-fetched Agent Workflow"
time="2024-11-13T12:38:30+02:00" level=debug msg="            Fetching AddNodes Config..."
time="2024-11-13T12:38:30+02:00" level=debug msg="            Reusing previously-fetched AddNodes Config"
time="2024-11-13T12:38:30+02:00" level=debug msg="            Fetching Install Config..."
time="2024-11-13T12:38:30+02:00" level=debug msg="            Reusing previously-fetched Install Config"
time="2024-11-13T12:38:30+02:00" level=debug msg="            Fetching Agent Config..."
time="2024-11-13T12:38:30+02:00" level=debug msg="            Reusing previously-fetched Agent Config"
time="2024-11-13T12:38:30+02:00" level=debug msg="          Generating Agent Hosts..."
time="2024-11-13T12:38:30+02:00" level=debug msg="Using hosts from agent-config.yaml"
time="2024-11-13T12:38:30+02:00" level=debug msg="          Fetching Install Config..."
time="2024-11-13T12:38:30+02:00" level=debug msg="          Reusing previously-fetched Install Config"
time="2024-11-13T12:38:30+02:00" level=debug msg="        Generating NMState Config..."
time="2024-11-13T12:38:30+02:00" level=debug msg="adding MAC interface map to host static network config - Name: ens43f0 MacAddress:b4:96:91:d1:51:d0"
time="2024-11-13T12:38:30+02:00" level=debug msg="adding MAC interface map to host static network config - Name: ens43f0 MacAddress:b4:96:91:d0:f0:a0"
time="2024-11-13T12:38:30+02:00" level=debug msg="adding MAC interface map to host static network config - Name: ens43f0 MacAddress:b4:96:91:d1:2f:60"
time="2024-11-13T12:38:30+02:00" level=debug msg="adding MAC interface map to host static network config - Name: ens43f0 MacAddress:b4:96:91:d0:d4:d0"
time="2024-11-13T12:38:30+02:00" level=error msg="failed to write asset (Agent Installer ISO) to disk: cannot generate ISO image due to configuration errors"
time="2024-11-13T12:38:30+02:00" level=fatal msg="failed to fetch Agent Installer ISO: failed to fetch dependency of \"Agent Installer ISO\": failed to fetch dependency of \"Agent Installer Artifacts\": failed to fetch dependency of \"Agent Installer Ignition\": failed to fetch dependency of \"Agent Manifests\": failed to generate asset \"NMState Config\": staticNetwork configuration is not valid: 4 errors occurred:\n\t* failed to validate network yaml for host 0, install nmstate package, exec: \"nmstatectl\": executable file not found in $PATH\n\t* failed to validate network yaml for host 1, install nmstate package, exec: \"nmstatectl\": executable file not found in $PATH\n\t* failed to validate network yaml for host 2, install nmstate package, exec: \"nmstatectl\": executable file not found in $PATH\n\t* failed to validate network yaml for host 3, install nmstate package, exec: \"nmstatectl\": executable file not found in $PATH\n\n"
time="2024-11-13T12:38:57+02:00" level=debug msg="OpenShift Installer 4.16.15"
time="2024-11-13T12:38:57+02:00" level=debug msg="Built from commit 311d230b8e47d19a5976e7acd391649136811f6b"
time="2024-11-13T12:38:57+02:00" level=debug msg="Fetching Agent Installer ISO..."
time="2024-11-13T12:38:57+02:00" level=debug msg="Loading Agent Installer ISO..."
time="2024-11-13T12:38:57+02:00" level=debug msg="  Loading Agent Workflow..."
time="2024-11-13T12:38:57+02:00" level=debug msg="  Loading Agent Installer ClusterInfo..."
time="2024-11-13T12:38:57+02:00" level=debug msg="    Loading Agent Workflow..."
time="2024-11-13T12:38:57+02:00" level=debug msg="    Loading AddNodes Config..."
time="2024-11-13T12:38:57+02:00" level=debug msg="  Loading Agent Installer Artifacts..."
time="2024-11-13T12:38:57+02:00" level=debug msg="    Loading Agent Installer Ignition..."
time="2024-11-13T12:38:57+02:00" level=debug msg="      Loading Agent Workflow..."
time="2024-11-13T12:38:57+02:00" level=debug msg="      Loading Agent Installer ClusterInfo..."
time="2024-11-13T12:38:57+02:00" level=debug msg="      Loading AddNodes Config..."
time="2024-11-13T12:38:57+02:00" level=debug msg="      Loading Agent Manifests..."
time="2024-11-13T12:38:57+02:00" level=debug msg="        Loading Agent PullSecret..."
time="2024-11-13T12:38:57+02:00" level=debug msg="          Loading Agent Workflow..."
time="2024-11-13T12:38:57+02:00" level=debug msg="          Loading Agent Installer ClusterInfo..."
time="2024-11-13T12:38:57+02:00" level=debug msg="          Loading Install Config..."
time="2024-11-13T12:38:57+02:00" level=warning msg="imageContentSources is deprecated, please use ImageDigestSources"
time="2024-11-13T12:38:57+02:00" level=debug msg="Using internal constant for release image quay-2.l1pz-espoo.dyn.nesc.nokia.net/unbox/openshift/release-images@sha256:7a478e987f9f283f7a182080522d40768db50ad274caad8165a9b5e74ba38c43"
time="2024-11-13T12:38:57+02:00" level=error msg="Release Image arch could not be found: command '[oc adm release info quay-2.l1pz-espoo.dyn.nesc.nokia.net/unbox/openshift/release-images@sha256:7a478e987f9f283f7a182080522d40768db50ad274caad8165a9b5e74ba38c43 -o=go-template={{if and .metadata.metadata (index . \"metadata\" \"metadata\" \"release.openshift.io/architecture\")}}{{index . \"metadata\" \"metadata\" \"release.openshift.io/architecture\"}}{{else}}{{.config.architecture}}{{end}} --insecure=true --registry-config=/tmp/registry-config1438320975]' failed: exec: \"oc\": executable file not found in $PATH"
time="2024-11-13T12:38:57+02:00" level=warning msg="Unable to validate the release image architecture, skipping validation"
time="2024-11-13T12:38:57+02:00" level=info msg="Configuration has 3 master replicas and 1 worker replicas"
time="2024-11-13T12:38:57+02:00" level=debug msg="          Using Install Config loaded from target directory"
time="2024-11-13T12:38:57+02:00" level=debug msg="        Loading InfraEnv Config..."
time="2024-11-13T12:38:57+02:00" level=debug msg="          Loading Agent Workflow..."
time="2024-11-13T12:38:57+02:00" level=debug msg="          Loading Agent Installer ClusterInfo..."
time="2024-11-13T12:38:57+02:00" level=debug msg="          Loading Install Config..."
time="2024-11-13T12:38:57+02:00" level=debug msg="          Loading Agent Config..."
time="2024-11-13T12:38:57+02:00" level=debug msg="          Using Agent Config loaded from target directory"
time="2024-11-13T12:38:57+02:00" level=debug msg="        Loading NMState Config..."
time="2024-11-13T12:38:57+02:00" level=debug msg="          Loading Agent Workflow..."
time="2024-11-13T12:38:57+02:00" level=debug msg="          Loading Agent Installer ClusterInfo..."
time="2024-11-13T12:38:57+02:00" level=debug msg="          Loading Agent Hosts..."
time="2024-11-13T12:38:57+02:00" level=debug msg="            Loading Agent Workflow..."
time="2024-11-13T12:38:57+02:00" level=debug msg="            Loading AddNodes Config..."
time="2024-11-13T12:38:57+02:00" level=debug msg="            Loading Install Config..."
time="2024-11-13T12:38:57+02:00" level=debug msg="            Loading Agent Config..."
time="2024-11-13T12:38:57+02:00" level=debug msg="          Loading Install Config..."
time="2024-11-13T12:38:57+02:00" level=debug msg="        Loading AgentClusterInstall Config..."
time="2024-11-13T12:38:57+02:00" level=debug msg="          Loading Agent Workflow..."
time="2024-11-13T12:38:57+02:00" level=debug msg="          Loading Install Config..."
time="2024-11-13T12:38:57+02:00" level=debug msg="          Loading Agent Hosts..."
time="2024-11-13T12:38:57+02:00" level=debug msg="        Loading ClusterDeployment Config..."
time="2024-11-13T12:38:57+02:00" level=debug msg="          Loading Agent Workflow..."
time="2024-11-13T12:38:57+02:00" level=debug msg="          Loading Install Config..."
time="2024-11-13T12:38:57+02:00" level=debug msg="        Loading ClusterImageSet Config..."
time="2024-11-13T12:38:57+02:00" level=debug msg="          Loading Agent Workflow..."
time="2024-11-13T12:38:57+02:00" level=debug msg="          Loading Agent Installer ClusterInfo..."
time="2024-11-13T12:38:57+02:00" level=debug msg="          Loading Release Image Pull Spec..."
time="2024-11-13T12:38:57+02:00" level=debug msg="          Loading Install Config..."
time="2024-11-13T12:38:57+02:00" level=debug msg="      Loading Extra Manifests..."
time="2024-11-13T12:38:57+02:00" level=debug msg="      Using Extra Manifests loaded from target directory"
time="2024-11-13T12:38:57+02:00" level=debug msg="      Loading Certificate (kube-apiserver-lb-signer)..."
time="2024-11-13T12:38:57+02:00" level=debug msg="      Loading Certificate (kube-apiserver-localhost-signer)..."
time="2024-11-13T12:38:57+02:00" level=debug msg="      Loading Certificate (kube-apiserver-service-network-signer)..."
time="2024-11-13T12:38:57+02:00" level=debug msg="      Loading Certificate (admin-kubeconfig-signer)..."
time="2024-11-13T12:38:57+02:00" level=debug msg="      Loading Kubeadmin Password..."
time="2024-11-13T12:38:57+02:00" level=debug msg="      Loading Agent Config..."
time="2024-11-13T12:38:57+02:00" level=debug msg="      Loading Agent Hosts..."
time="2024-11-13T12:38:57+02:00" level=debug msg="      Loading Mirror Registries Config..."
time="2024-11-13T12:38:57+02:00" level=debug msg="        Loading Agent Workflow..."
time="2024-11-13T12:38:57+02:00" level=debug msg="        Loading Agent Installer ClusterInfo..."
time="2024-11-13T12:38:57+02:00" level=debug msg="        Loading Install Config..."
time="2024-11-13T12:38:57+02:00" level=debug msg="        Loading Release Image Pull Spec..."
time="2024-11-13T12:38:57+02:00" level=debug msg="Using internal constant for release image quay-2.l1pz-espoo.dyn.nesc.nokia.net/unbox/openshift/release-images@sha256:7a478e987f9f283f7a182080522d40768db50ad274caad8165a9b5e74ba38c43"
time="2024-11-13T12:38:57+02:00" level=debug msg="      Loading Mirror Registries Certificate File..."
time="2024-11-13T12:38:57+02:00" level=debug msg="        Loading Agent Workflow..."
time="2024-11-13T12:38:57+02:00" level=debug msg="        Loading Agent Installer ClusterInfo..."
time="2024-11-13T12:38:57+02:00" level=debug msg="        Loading Install Config..."
time="2024-11-13T12:38:57+02:00" level=debug msg="      Loading Agent Installer API Auth Config..."
time="2024-11-13T12:38:57+02:00" level=debug msg="        Loading Agent Installer InfraEnv ID..."
time="2024-11-13T12:38:57+02:00" level=debug msg="      Loading Agent Installer InfraEnv ID..."
time="2024-11-13T12:38:57+02:00" level=debug msg="    Loading Agent ISO/PXE files Kernel Arguments..."
time="2024-11-13T12:38:57+02:00" level=debug msg="      Loading Agent Workflow..."
time="2024-11-13T12:38:57+02:00" level=debug msg="      Loading AgentClusterInstall Config..."
time="2024-11-13T12:38:57+02:00" level=debug msg="    Loading BaseIso Image..."
time="2024-11-13T12:38:57+02:00" level=debug msg="      Loading Agent Workflow..."
time="2024-11-13T12:38:57+02:00" level=debug msg="      Loading Agent Installer ClusterInfo..."
time="2024-11-13T12:38:57+02:00" level=debug msg="      Loading Agent Manifests..."
time="2024-11-13T12:38:57+02:00" level=debug msg="      Loading Install Config..."
time="2024-11-13T12:38:57+02:00" level=debug msg="      Loading Mirror Registries Config..."
time="2024-11-13T12:38:57+02:00" level=debug msg="    Loading Agent Manifests..."
time="2024-11-13T12:38:57+02:00" level=debug msg="    Loading AgentClusterInstall Config..."
time="2024-11-13T12:38:57+02:00" level=debug msg="    Loading Mirror Registries Config..."
time="2024-11-13T12:38:57+02:00" level=debug msg="    Loading Agent Config..."
time="2024-11-13T12:38:57+02:00" level=debug msg="  Loading Agent Manifests..."
time="2024-11-13T12:38:57+02:00" level=debug msg="  Loading BaseIso Image..."
time="2024-11-13T12:38:57+02:00" level=debug msg="  Fetching Agent Workflow..."
time="2024-11-13T12:38:57+02:00" level=debug msg="  Generating Agent Workflow..."
time="2024-11-13T12:38:57+02:00" level=debug msg="  Fetching Agent Installer ClusterInfo..."
time="2024-11-13T12:38:57+02:00" level=debug msg="    Fetching Agent Workflow..."
time="2024-11-13T12:38:57+02:00" level=debug msg="    Reusing previously-fetched Agent Workflow"
time="2024-11-13T12:38:57+02:00" level=debug msg="    Fetching AddNodes Config..."
time="2024-11-13T12:38:57+02:00" level=debug msg="    Generating AddNodes Config..."
time="2024-11-13T12:38:57+02:00" level=debug msg="  Generating Agent Installer ClusterInfo..."
time="2024-11-13T12:38:57+02:00" level=debug msg="  Fetching Agent Installer Artifacts..."
time="2024-11-13T12:38:57+02:00" level=debug msg="    Fetching Agent Installer Ignition..."
time="2024-11-13T12:38:57+02:00" level=debug msg="      Fetching Agent Workflow..."
time="2024-11-13T12:38:57+02:00" level=debug msg="      Reusing previously-fetched Agent Workflow"
time="2024-11-13T12:38:57+02:00" level=debug msg="      Fetching Agent Installer ClusterInfo..."
time="2024-11-13T12:38:57+02:00" level=debug msg="      Reusing previously-fetched Agent Installer ClusterInfo"
time="2024-11-13T12:38:57+02:00" level=debug msg="      Fetching AddNodes Config..."
time="2024-11-13T12:38:57+02:00" level=debug msg="      Reusing previously-fetched AddNodes Config"
time="2024-11-13T12:38:57+02:00" level=debug msg="      Fetching Agent Manifests..."
time="2024-11-13T12:38:57+02:00" level=debug msg="        Fetching Agent PullSecret..."
time="2024-11-13T12:38:57+02:00" level=debug msg="          Fetching Agent Workflow..."
time="2024-11-13T12:38:57+02:00" level=debug msg="          Reusing previously-fetched Agent Workflow"
time="2024-11-13T12:38:57+02:00" level=debug msg="          Fetching Agent Installer ClusterInfo..."
time="2024-11-13T12:38:57+02:00" level=debug msg="          Reusing previously-fetched Agent Installer ClusterInfo"
time="2024-11-13T12:38:57+02:00" level=debug msg="          Fetching Install Config..."
time="2024-11-13T12:38:57+02:00" level=debug msg="          Reusing previously-fetched Install Config"
time="2024-11-13T12:38:57+02:00" level=debug msg="        Generating Agent PullSecret..."
time="2024-11-13T12:38:57+02:00" level=debug msg="        Fetching InfraEnv Config..."
time="2024-11-13T12:38:57+02:00" level=debug msg="          Fetching Agent Workflow..."
time="2024-11-13T12:38:57+02:00" level=debug msg="          Reusing previously-fetched Agent Workflow"
time="2024-11-13T12:38:57+02:00" level=debug msg="          Fetching Agent Installer ClusterInfo..."
time="2024-11-13T12:38:57+02:00" level=debug msg="          Reusing previously-fetched Agent Installer ClusterInfo"
time="2024-11-13T12:38:57+02:00" level=debug msg="          Fetching Install Config..."
time="2024-11-13T12:38:57+02:00" level=debug msg="          Reusing previously-fetched Install Config"
time="2024-11-13T12:38:57+02:00" level=debug msg="          Fetching Agent Config..."
time="2024-11-13T12:38:57+02:00" level=debug msg="          Reusing previously-fetched Agent Config"
time="2024-11-13T12:38:57+02:00" level=debug msg="        Generating InfraEnv Config..."
time="2024-11-13T12:38:57+02:00" level=debug msg="        Fetching NMState Config..."
time="2024-11-13T12:38:57+02:00" level=debug msg="          Fetching Agent Workflow..."
time="2024-11-13T12:38:57+02:00" level=debug msg="          Reusing previously-fetched Agent Workflow"
time="2024-11-13T12:38:57+02:00" level=debug msg="          Fetching Agent Installer ClusterInfo..."
time="2024-11-13T12:38:57+02:00" level=debug msg="          Reusing previously-fetched Agent Installer ClusterInfo"
time="2024-11-13T12:38:57+02:00" level=debug msg="          Fetching Agent Hosts..."
time="2024-11-13T12:38:57+02:00" level=debug msg="            Fetching Agent Workflow..."
time="2024-11-13T12:38:57+02:00" level=debug msg="            Reusing previously-fetched Agent Workflow"
time="2024-11-13T12:38:57+02:00" level=debug msg="            Fetching AddNodes Config..."
time="2024-11-13T12:38:57+02:00" level=debug msg="            Reusing previously-fetched AddNodes Config"
time="2024-11-13T12:38:57+02:00" level=debug msg="            Fetching Install Config..."
time="2024-11-13T12:38:57+02:00" level=debug msg="            Reusing previously-fetched Install Config"
time="2024-11-13T12:38:57+02:00" level=debug msg="            Fetching Agent Config..."
time="2024-11-13T12:38:57+02:00" level=debug msg="            Reusing previously-fetched Agent Config"
time="2024-11-13T12:38:57+02:00" level=debug msg="          Generating Agent Hosts..."
time="2024-11-13T12:38:57+02:00" level=debug msg="Using hosts from agent-config.yaml"
time="2024-11-13T12:38:57+02:00" level=debug msg="          Fetching Install Config..."
time="2024-11-13T12:38:57+02:00" level=debug msg="          Reusing previously-fetched Install Config"
time="2024-11-13T12:38:57+02:00" level=debug msg="        Generating NMState Config..."
time="2024-11-13T12:38:57+02:00" level=debug msg="adding MAC interface map to host static network config - Name: ens43f0 MacAddress:b4:96:91:d1:51:d0"
time="2024-11-13T12:38:57+02:00" level=debug msg="adding MAC interface map to host static network config - Name: ens43f0 MacAddress:b4:96:91:d0:f0:a0"
time="2024-11-13T12:38:57+02:00" level=debug msg="adding MAC interface map to host static network config - Name: ens43f0 MacAddress:b4:96:91:d1:2f:60"
time="2024-11-13T12:38:57+02:00" level=debug msg="adding MAC interface map to host static network config - Name: ens43f0 MacAddress:b4:96:91:d0:d4:d0"
time="2024-11-13T12:38:57+02:00" level=debug msg="        Fetching AgentClusterInstall Config..."
time="2024-11-13T12:38:57+02:00" level=debug msg="          Fetching Agent Workflow..."
time="2024-11-13T12:38:57+02:00" level=debug msg="          Reusing previously-fetched Agent Workflow"
time="2024-11-13T12:38:57+02:00" level=debug msg="          Fetching Install Config..."
time="2024-11-13T12:38:57+02:00" level=debug msg="          Reusing previously-fetched Install Config"
time="2024-11-13T12:38:57+02:00" level=debug msg="          Fetching Agent Hosts..."
time="2024-11-13T12:38:57+02:00" level=debug msg="          Reusing previously-fetched Agent Hosts"
time="2024-11-13T12:38:57+02:00" level=debug msg="        Generating AgentClusterInstall Config..."
time="2024-11-13T12:38:57+02:00" level=debug msg="Setting UserManagedNetworking to true for none platform"
time="2024-11-13T12:38:57+02:00" level=debug msg="        Fetching ClusterDeployment Config..."
time="2024-11-13T12:38:57+02:00" level=debug msg="          Fetching Agent Workflow..."
time="2024-11-13T12:38:57+02:00" level=debug msg="          Reusing previously-fetched Agent Workflow"
time="2024-11-13T12:38:57+02:00" level=debug msg="          Fetching Install Config..."
time="2024-11-13T12:38:57+02:00" level=debug msg="          Reusing previously-fetched Install Config"
time="2024-11-13T12:38:57+02:00" level=debug msg="        Generating ClusterDeployment Config..."
time="2024-11-13T12:38:57+02:00" level=debug msg="        Fetching ClusterImageSet Config..."
time="2024-11-13T12:38:57+02:00" level=debug msg="          Fetching Agent Workflow..."
time="2024-11-13T12:38:57+02:00" level=debug msg="          Reusing previously-fetched Agent Workflow"
time="2024-11-13T12:38:57+02:00" level=debug msg="          Fetching Agent Installer ClusterInfo..."
time="2024-11-13T12:38:57+02:00" level=debug msg="          Reusing previously-fetched Agent Installer ClusterInfo"
time="2024-11-13T12:38:57+02:00" level=debug msg="          Fetching Release Image Pull Spec..."
time="2024-11-13T12:38:57+02:00" level=debug msg="          Generating Release Image Pull Spec..."
time="2024-11-13T12:38:57+02:00" level=debug msg="Using internal constant for release image quay-2.l1pz-espoo.dyn.nesc.nokia.net/unbox/openshift/release-images@sha256:7a478e987f9f283f7a182080522d40768db50ad274caad8165a9b5e74ba38c43"
time="2024-11-13T12:38:57+02:00" level=debug msg="          Fetching Install Config..."
time="2024-11-13T12:38:57+02:00" level=debug msg="          Reusing previously-fetched Install Config"
time="2024-11-13T12:38:57+02:00" level=debug msg="        Generating ClusterImageSet Config..."
time="2024-11-13T12:38:57+02:00" level=debug msg="Using internal constant for release image quay-2.l1pz-espoo.dyn.nesc.nokia.net/unbox/openshift/release-images@sha256:7a478e987f9f283f7a182080522d40768db50ad274caad8165a9b5e74ba38c43"
time="2024-11-13T12:38:57+02:00" level=debug msg="      Generating Agent Manifests..."
time="2024-11-13T12:38:57+02:00" level=debug msg="      Fetching Extra Manifests..."
time="2024-11-13T12:38:57+02:00" level=debug msg="      Reusing previously-fetched Extra Manifests"
time="2024-11-13T12:38:57+02:00" level=debug msg="      Fetching Certificate (kube-apiserver-lb-signer)..."
time="2024-11-13T12:38:57+02:00" level=debug msg="      Generating Certificate (kube-apiserver-lb-signer)..."
time="2024-11-13T12:38:58+02:00" level=debug msg="      Fetching Certificate (kube-apiserver-localhost-signer)..."
time="2024-11-13T12:38:58+02:00" level=debug msg="      Generating Certificate (kube-apiserver-localhost-signer)..."
time="2024-11-13T12:38:58+02:00" level=debug msg="      Fetching Certificate (kube-apiserver-service-network-signer)..."
time="2024-11-13T12:38:58+02:00" level=debug msg="      Generating Certificate (kube-apiserver-service-network-signer)..."
time="2024-11-13T12:38:59+02:00" level=debug msg="      Fetching Certificate (admin-kubeconfig-signer)..."
time="2024-11-13T12:38:59+02:00" level=debug msg="      Generating Certificate (admin-kubeconfig-signer)..."
time="2024-11-13T12:39:00+02:00" level=debug msg="      Fetching Kubeadmin Password..."
time="2024-11-13T12:39:00+02:00" level=debug msg="      Generating Kubeadmin Password..."
time="2024-11-13T12:39:00+02:00" level=debug msg="      Fetching Agent Config..."
time="2024-11-13T12:39:00+02:00" level=debug msg="      Reusing previously-fetched Agent Config"
time="2024-11-13T12:39:00+02:00" level=debug msg="      Fetching Agent Hosts..."
time="2024-11-13T12:39:00+02:00" level=debug msg="      Reusing previously-fetched Agent Hosts"
time="2024-11-13T12:39:00+02:00" level=debug msg="      Fetching Mirror Registries Config..."
time="2024-11-13T12:39:00+02:00" level=debug msg="        Fetching Agent Workflow..."
time="2024-11-13T12:39:00+02:00" level=debug msg="        Reusing previously-fetched Agent Workflow"
time="2024-11-13T12:39:00+02:00" level=debug msg="        Fetching Agent Installer ClusterInfo..."
time="2024-11-13T12:39:00+02:00" level=debug msg="        Reusing previously-fetched Agent Installer ClusterInfo"
time="2024-11-13T12:39:00+02:00" level=debug msg="        Fetching Install Config..."
time="2024-11-13T12:39:00+02:00" level=debug msg="        Reusing previously-fetched Install Config"
time="2024-11-13T12:39:00+02:00" level=debug msg="        Fetching Release Image Pull Spec..."
time="2024-11-13T12:39:00+02:00" level=debug msg="        Reusing previously-fetched Release Image Pull Spec"
time="2024-11-13T12:39:00+02:00" level=debug msg="      Generating Mirror Registries Config..."
time="2024-11-13T12:39:00+02:00" level=warning msg="The imageDigestSources configuration in install-config.yaml should have at least one source field matching the releaseImage value quay-2.l1pz-espoo.dyn.nesc.nokia.net/unbox/openshift/release-images@sha256:7a478e987f9f283f7a182080522d40768db50ad274caad8165a9b5e74ba38c43"
time="2024-11-13T12:39:00+02:00" level=debug msg="      Fetching Mirror Registries Certificate File..."
time="2024-11-13T12:39:00+02:00" level=debug msg="        Fetching Agent Workflow..."
time="2024-11-13T12:39:00+02:00" level=debug msg="        Reusing previously-fetched Agent Workflow"
time="2024-11-13T12:39:00+02:00" level=debug msg="        Fetching Agent Installer ClusterInfo..."
time="2024-11-13T12:39:00+02:00" level=debug msg="        Reusing previously-fetched Agent Installer ClusterInfo"
time="2024-11-13T12:39:00+02:00" level=debug msg="        Fetching Install Config..."
time="2024-11-13T12:39:00+02:00" level=debug msg="        Reusing previously-fetched Install Config"
time="2024-11-13T12:39:00+02:00" level=debug msg="      Generating Mirror Registries Certificate File..."
time="2024-11-13T12:39:00+02:00" level=debug msg="      Fetching Agent Installer API Auth Config..."
time="2024-11-13T12:39:00+02:00" level=debug msg="        Fetching Agent Installer InfraEnv ID..."
time="2024-11-13T12:39:00+02:00" level=debug msg="        Generating Agent Installer InfraEnv ID..."
time="2024-11-13T12:39:00+02:00" level=debug msg="      Generating Agent Installer API Auth Config..."
time="2024-11-13T12:39:00+02:00" level=debug msg="      Fetching Agent Installer InfraEnv ID..."
time="2024-11-13T12:39:00+02:00" level=debug msg="      Reusing previously-fetched Agent Installer InfraEnv ID"
time="2024-11-13T12:39:00+02:00" level=debug msg="    Generating Agent Installer Ignition..."
time="2024-11-13T12:39:00+02:00" level=debug msg="RendezvousIP from the AgentConfig 10.17.113.100"
time="2024-11-13T12:39:00+02:00" level=info msg="The rendezvous host IP (node0 IP) is 10.17.113.100"
time="2024-11-13T12:39:00+02:00" level=error msg="Release Image arch could not be found: command '[oc adm release info quay-2.l1pz-espoo.dyn.nesc.nokia.net/unbox/openshift/release-images@sha256:7a478e987f9f283f7a182080522d40768db50ad274caad8165a9b5e74ba38c43 -o=go-template={{if and .metadata.metadata (index . \"metadata\" \"metadata\" \"release.openshift.io/architecture\")}}{{index . \"metadata\" \"metadata\" \"release.openshift.io/architecture\"}}{{else}}{{.config.architecture}}{{end}} --insecure=true --registry-config=/tmp/registry-config832047690]' failed: exec: \"oc\": executable file not found in $PATH"
time="2024-11-13T12:39:00+02:00" level=warning msg="Unable to validate the release image architecture, using infraEnv.Spec.CpuArchitecture for the release image arch"
time="2024-11-13T12:39:00+02:00" level=debug msg="Generated random infra-env id 2434af88-898b-4147-b977-9139cf91507c"
time="2024-11-13T12:39:00+02:00" level=debug msg="    Fetching Agent ISO/PXE files Kernel Arguments..."
time="2024-11-13T12:39:00+02:00" level=debug msg="      Fetching Agent Workflow..."
time="2024-11-13T12:39:00+02:00" level=debug msg="      Reusing previously-fetched Agent Workflow"
time="2024-11-13T12:39:00+02:00" level=debug msg="      Fetching AgentClusterInstall Config..."
time="2024-11-13T12:39:00+02:00" level=debug msg="      Reusing previously-fetched AgentClusterInstall Config"
time="2024-11-13T12:39:00+02:00" level=debug msg="    Generating Agent ISO/PXE files Kernel Arguments..."
time="2024-11-13T12:39:00+02:00" level=debug msg="    Fetching BaseIso Image..."
time="2024-11-13T12:39:00+02:00" level=debug msg="      Fetching Agent Workflow..."
time="2024-11-13T12:39:00+02:00" level=debug msg="      Reusing previously-fetched Agent Workflow"
time="2024-11-13T12:39:00+02:00" level=debug msg="      Fetching Agent Installer ClusterInfo..."
time="2024-11-13T12:39:00+02:00" level=debug msg="      Reusing previously-fetched Agent Installer ClusterInfo"
time="2024-11-13T12:39:00+02:00" level=debug msg="      Fetching Agent Manifests..."
time="2024-11-13T12:39:00+02:00" level=debug msg="      Reusing previously-fetched Agent Manifests"
time="2024-11-13T12:39:00+02:00" level=debug msg="      Fetching Install Config..."
time="2024-11-13T12:39:00+02:00" level=debug msg="      Reusing previously-fetched Install Config"
time="2024-11-13T12:39:00+02:00" level=debug msg="      Fetching Mirror Registries Config..."
time="2024-11-13T12:39:00+02:00" level=debug msg="      Reusing previously-fetched Mirror Registries Config"
time="2024-11-13T12:39:00+02:00" level=debug msg="    Generating BaseIso Image..."
time="2024-11-13T12:39:00+02:00" level=info msg="Extracting base ISO from release payload"
time="2024-11-13T12:39:00+02:00" level=warning msg="Unable to validate mirror config because \"oc\" command is not available"
time="2024-11-13T12:39:00+02:00" level=warning msg="Failed to extract base ISO from release payload - check registry configuration"
time="2024-11-13T12:39:00+02:00" level=info msg="Downloading base ISO"
time="2024-11-13T12:39:00+02:00" level=debug msg="Obtaining RHCOS image file from 'https://rhcos.mirror.openshift.com/art/storage/prod/streams/4.16-9.4/builds/416.94.202406251923-0/x86_64/rhcos-416.94.202406251923-0-live.x86_64.iso'"
time="2024-11-13T12:40:08+02:00" level=warning msg="Received interrupt signal"
